<?xml version="1.0" encoding="UTF-8"?>
<!-- Generated by org.testng.reporters.JUnitReportReporter -->
<testsuite hostname="DESKTOP-6JOMMLI" failures="0" tests="4" name="api.test.userTest" time="5.833" errors="0" timestamp="2025-07-26T17:52:08 IST" skipped="0">
  <testcase classname="api.test.userTest" name="testPostUser" time="2.516"/>
  <testcase classname="api.test.userTest" name="getUser" time="1.134"/>
  <testcase classname="api.test.userTest" name="updatedUser" time="1.093"/>
  <testcase classname="api.test.userTest" name="deleteUser" time="1.090"/>
</testsuite> <!-- api.test.userTest -->
