<?xml version="1.0" encoding="UTF-8"?>
<!-- Generated by org.testng.reporters.JUnitReportReporter -->
<testsuite hostname="DESKTOP-6JOMMLI" failures="0" tests="6" name="api.test.DDtest" time="7.964" errors="0" timestamp="2025-07-26T12:34:14 IST" skipped="0">
  <testcase classname="api.test.DDtest" name="testPostUser" time="1.083"/>
  <testcase classname="api.test.DDtest" name="testPostUser" time="2.465"/>
  <testcase classname="api.test.DDtest" name="testPostUser" time="1.163"/>
  <testcase classname="api.test.DDtest" name="deleteUser" time="1.071"/>
  <testcase classname="api.test.DDtest" name="deleteUser" time="1.073"/>
  <testcase classname="api.test.DDtest" name="deleteUser" time="1.109"/>
</testsuite> <!-- api.test.DDtest -->
