<?xml version="1.0" encoding="UTF-8"?>
<!-- Generated by org.testng.reporters.JUnitReportReporter -->
<testsuite hostname="DESKTOP-6JOMMLI" failures="0" tests="4" name="api.test.userTest2" time="6.593" errors="0" timestamp="2025-08-02T12:26:15 IST" skipped="0">
  <testcase classname="api.test.userTest2" name="testPostUser" time="3.234"/>
  <testcase classname="api.test.userTest2" name="getUser" time="1.138"/>
  <testcase classname="api.test.userTest2" name="updatedUser" time="1.110"/>
  <testcase classname="api.test.userTest2" name="deleteUser" time="1.111"/>
</testsuite> <!-- api.test.userTest2 -->
