<?xml version="1.0" encoding="UTF-8"?>
<!-- Generated by org.testng.reporters.JUnitReportReporter -->
<testsuite hostname="DESKTOP-6JOMMLI" failures="0" tests="4" name="api.test.userTest2" time="5.958" errors="0" timestamp="2025-07-27T19:56:01 IST" skipped="0">
  <testcase classname="api.test.userTest2" name="testPostUser" time="2.704"/>
  <testcase classname="api.test.userTest2" name="getUser" time="1.100"/>
  <testcase classname="api.test.userTest2" name="updatedUser" time="1.077"/>
  <testcase classname="api.test.userTest2" name="deleteUser" time="1.077"/>
</testsuite> <!-- api.test.userTest2 -->
